This is pdfTeX, Version 3.1415926-2.4-1.40.13 (TeX Live 2012) (format=pdflatex 2012.6.30)  13 DEC 2013 03:31
entering extended mode
 restricted \write18 enabled.
 %&-line parsing enabled.
**Final_Report.tex
(./Final_Report.tex
LaTeX2e <2011/06/27>
Babel <v3.8m> and hyphenation patterns for english, dumylang, nohyphenation, ge
rman-x-2012-05-30, ngerman-x-2012-05-30, afrikaans, ancientgreek, ibycus, arabi
c, armenian, basque, bulgarian, catalan, pinyin, coptic, croatian, czech, danis
h, dutch, ukenglish, usenglishmax, esperanto, estonian, ethiopic, farsi, finnis
h, french, friulan, galician, german, ngerman, swissgerman, monogreek, greek, h
ungarian, icelandic, assamese, bengali, gujarati, hindi, kannada, malayalam, ma
rathi, oriya, panjabi, tamil, telugu, indonesian, interlingua, irish, italian, 
kurmanji, latin, latvian, lithuanian, mongolian, mongolianlmc, bokmal, nynorsk,
 polish, portuguese, romanian, romansh, russian, sanskrit, serbian, serbianc, s
lovak, slovenian, spanish, swedish, turkish, turkmen, ukrainian, uppersorbian, 
welsh, loaded.
(/usr/local/texlive/2012/texmf-dist/tex/latex/base/article.cls
Document Class: article 2007/10/19 v1.4h Standard LaTeX document class
(/usr/local/texlive/2012/texmf-dist/tex/latex/base/size10.clo
File: size10.clo 2007/10/19 v1.4h Standard LaTeX file (size option)
)
\c@part=\count79
\c@section=\count80
\c@subsection=\count81
\c@subsubsection=\count82
\c@paragraph=\count83
\c@subparagraph=\count84
\c@figure=\count85
\c@table=\count86
\abovecaptionskip=\skip41
\belowcaptionskip=\skip42
\bibindent=\dimen102
)
(/usr/local/texlive/2012/texmf-dist/tex/latex/graphics/graphicx.sty
Package: graphicx 1999/02/16 v1.0f Enhanced LaTeX Graphics (DPC,SPQR)

(/usr/local/texlive/2012/texmf-dist/tex/latex/graphics/keyval.sty
Package: keyval 1999/03/16 v1.13 key=value parser (DPC)
\KV@toks@=\toks14
)
(/usr/local/texlive/2012/texmf-dist/tex/latex/graphics/graphics.sty
Package: graphics 2009/02/05 v1.0o Standard LaTeX Graphics (DPC,SPQR)

(/usr/local/texlive/2012/texmf-dist/tex/latex/graphics/trig.sty
Package: trig 1999/03/16 v1.09 sin cos tan (DPC)
)
(/usr/local/texlive/2012/texmf-dist/tex/latex/latexconfig/graphics.cfg
File: graphics.cfg 2010/04/23 v1.9 graphics configuration of TeX Live
)
Package graphics Info: Driver file: pdftex.def on input line 91.

(/usr/local/texlive/2012/texmf-dist/tex/latex/pdftex-def/pdftex.def
File: pdftex.def 2011/05/27 v0.06d Graphics/color for pdfTeX

(/usr/local/texlive/2012/texmf-dist/tex/generic/oberdiek/infwarerr.sty
Package: infwarerr 2010/04/08 v1.3 Providing info/warning/error messages (HO)
)
(/usr/local/texlive/2012/texmf-dist/tex/generic/oberdiek/ltxcmds.sty
Package: ltxcmds 2011/11/09 v1.22 LaTeX kernel commands for general use (HO)
)
\Gread@gobject=\count87
))
\Gin@req@height=\dimen103
\Gin@req@width=\dimen104
)
(/usr/local/texlive/2012/texmf-dist/tex/latex/subfig/subfig.sty
Package: subfig 2005/06/28 ver: 1.3 subfig package

(/usr/local/texlive/2012/texmf-dist/tex/latex/caption/caption3.sty
Package: caption3 2012/01/12 v1.4b caption3 kernel (AR)
\captionmargin=\dimen105
\captionmargin@=\dimen106
\captionwidth=\dimen107
\caption@indent=\dimen108
\caption@parindent=\dimen109
\caption@hangindent=\dimen110
)
\c@KVtest=\count88
\sf@farskip=\skip43
\sf@captopadj=\dimen111
\sf@capskip=\skip44
\sf@nearskip=\skip45
\c@subfigure=\count89
\c@subfigure@save=\count90
\c@lofdepth=\count91
\c@subtable=\count92
\c@subtable@save=\count93
\c@lotdepth=\count94
\sf@top=\skip46
\sf@bottom=\skip47
)
(./natbib.sty
Package: natbib 2009/07/16 8.31 (PWD, AO)
\bibhang=\skip48
\bibsep=\skip49
LaTeX Info: Redefining \cite on input line 694.
\c@NAT@ctr=\count95
) (./algorithm.sty
Package: algorithm 

Document Style `algorithm' - floating environment
(/usr/local/texlive/2012/texmf-dist/tex/latex/float/float.sty
Package: float 2001/11/08 v1.3d Float enhancements (AL)
\c@float@type=\count96
\float@exts=\toks15
\float@box=\box26
\@float@everytoks=\toks16
\@floatcapt=\box27
)
(/usr/local/texlive/2012/texmf-dist/tex/latex/base/ifthen.sty
Package: ifthen 2001/05/26 v1.1c Standard LaTeX ifthen package (DPC)
)
\@float@every@algorithm=\toks17
\c@algorithm=\count97
)
(./algorithmic.sty
Package: algorithmic 

Document Style `algorithmic' - environment
(/usr/local/texlive/2012/texmf-dist/tex/latex/tools/calc.sty
Package: calc 2007/08/22 v4.3 Infix arithmetic (KKT,FJ)
\calc@Acount=\count98
\calc@Bcount=\count99
\calc@Adimen=\dimen112
\calc@Bdimen=\dimen113
\calc@Askip=\skip50
\calc@Bskip=\skip51
LaTeX Info: Redefining \setlength on input line 76.
LaTeX Info: Redefining \addtolength on input line 77.
\calc@Ccount=\count100
\calc@Cskip=\skip52
)
\c@ALC@line=\count101
\c@ALC@rem=\count102
\ALC@tlm=\skip53
)
(/usr/local/texlive/2012/texmf-dist/tex/latex/amsfonts/amssymb.sty
Package: amssymb 2009/06/22 v3.00

(/usr/local/texlive/2012/texmf-dist/tex/latex/amsfonts/amsfonts.sty
Package: amsfonts 2009/06/22 v3.00 Basic AMSFonts support
\@emptytoks=\toks18
\symAMSa=\mathgroup4
\symAMSb=\mathgroup5
LaTeX Font Info:    Overwriting math alphabet `\mathfrak' in version `bold'
(Font)                  U/euf/m/n --> U/euf/b/n on input line 96.
))
(/usr/local/texlive/2012/texmf-dist/tex/latex/mh/mathtools.sty
Package: mathtools 2012/04/24 v1.12 mathematical typesetting tools

(/usr/local/texlive/2012/texmf-dist/tex/latex/mh/mhsetup.sty
Package: mhsetup 2010/01/21 v1.2a programming setup (MH)
)
(/usr/local/texlive/2012/texmf-dist/tex/latex/amsmath/amsmath.sty
Package: amsmath 2000/07/18 v2.13 AMS math features
\@mathmargin=\skip54

For additional information on amsmath, use the `?' option.
(/usr/local/texlive/2012/texmf-dist/tex/latex/amsmath/amstext.sty
Package: amstext 2000/06/29 v2.01

(/usr/local/texlive/2012/texmf-dist/tex/latex/amsmath/amsgen.sty
File: amsgen.sty 1999/11/30 v2.0
\@emptytoks=\toks19
\ex@=\dimen114
))
(/usr/local/texlive/2012/texmf-dist/tex/latex/amsmath/amsbsy.sty
Package: amsbsy 1999/11/29 v1.2d
\pmbraise@=\dimen115
)
(/usr/local/texlive/2012/texmf-dist/tex/latex/amsmath/amsopn.sty
Package: amsopn 1999/12/14 v2.01 operator names
)
\inf@bad=\count103
LaTeX Info: Redefining \frac on input line 211.
\uproot@=\count104
\leftroot@=\count105
LaTeX Info: Redefining \overline on input line 307.
\classnum@=\count106
\DOTSCASE@=\count107
LaTeX Info: Redefining \ldots on input line 379.
LaTeX Info: Redefining \dots on input line 382.
LaTeX Info: Redefining \cdots on input line 467.
\Mathstrutbox@=\box28
\strutbox@=\box29
\big@size=\dimen116
LaTeX Font Info:    Redeclaring font encoding OML on input line 567.
LaTeX Font Info:    Redeclaring font encoding OMS on input line 568.
\macc@depth=\count108
\c@MaxMatrixCols=\count109
\dotsspace@=\muskip10
\c@parentequation=\count110
\dspbrk@lvl=\count111
\tag@help=\toks20
\row@=\count112
\column@=\count113
\maxfields@=\count114
\andhelp@=\toks21
\eqnshift@=\dimen117
\alignsep@=\dimen118
\tagshift@=\dimen119
\tagwidth@=\dimen120
\totwidth@=\dimen121
\lineht@=\dimen122
\@envbody=\toks22
\multlinegap=\skip55
\multlinetaggap=\skip56
\mathdisplay@stack=\toks23
LaTeX Info: Redefining \[ on input line 2666.
LaTeX Info: Redefining \] on input line 2667.
)
\g_MT_multlinerow_int=\count115
\l_MT_multwidth_dim=\dimen123
\origjot=\skip57
\l_MT_shortvdotswithinadjustabove_dim=\dimen124
\l_MT_shortvdotswithinadjustbelow_dim=\dimen125
\l_MT_above_intertext_dim=\dimen126
\l_MT_below_intertext_dim=\dimen127
\l_MT_above_shortintertext_dim=\dimen128
\l_MT_below_shortintertext_dim=\dimen129
)
(/usr/local/texlive/2012/texmf-dist/tex/latex/hyperref/hyperref.sty
Package: hyperref 2012/05/13 v6.82q Hypertext links for LaTeX

(/usr/local/texlive/2012/texmf-dist/tex/generic/oberdiek/hobsub-hyperref.sty
Package: hobsub-hyperref 2012/05/28 v1.13 Bundle oberdiek, subset hyperref (HO)


(/usr/local/texlive/2012/texmf-dist/tex/generic/oberdiek/hobsub-generic.sty
Package: hobsub-generic 2012/05/28 v1.13 Bundle oberdiek, subset generic (HO)
Package: hobsub 2012/05/28 v1.13 Construct package bundles (HO)
Package hobsub Info: Skipping package `infwarerr' (already loaded).
Package hobsub Info: Skipping package `ltxcmds' (already loaded).
Package: ifluatex 2010/03/01 v1.3 Provides the ifluatex switch (HO)
Package ifluatex Info: LuaTeX not detected.
Package: ifvtex 2010/03/01 v1.5 Detect VTeX and its facilities (HO)
Package ifvtex Info: VTeX not detected.
Package: intcalc 2007/09/27 v1.1 Expandable calculations with integers (HO)
Package: ifpdf 2011/01/30 v2.3 Provides the ifpdf switch (HO)
Package ifpdf Info: pdfTeX in PDF mode is detected.
Package: etexcmds 2011/02/16 v1.5 Avoid name clashes with e-TeX commands (HO)
Package etexcmds Info: Could not find \expanded.
(etexcmds)             That can mean that you are not using pdfTeX 1.50 or
(etexcmds)             that some package has redefined \expanded.
(etexcmds)             In the latter case, load this package earlier.
Package: kvsetkeys 2012/04/25 v1.16 Key value parser (HO)
Package: kvdefinekeys 2011/04/07 v1.3 Define keys (HO)
Package: pdftexcmds 2011/11/29 v0.20 Utility functions of pdfTeX for LuaTeX (HO
)
Package pdftexcmds Info: LuaTeX not detected.
Package pdftexcmds Info: \pdf@primitive is available.
Package pdftexcmds Info: \pdf@ifprimitive is available.
Package pdftexcmds Info: \pdfdraftmode found.
Package: pdfescape 2011/11/25 v1.13 Implements pdfTeX's escape features (HO)
Package: bigintcalc 2012/04/08 v1.3 Expandable calculations on big integers (HO
)
Package: bitset 2011/01/30 v1.1 Handle bit-vector datatype (HO)
Package: uniquecounter 2011/01/30 v1.2 Provide unlimited unique counter (HO)
)
Package hobsub Info: Skipping package `hobsub' (already loaded).
Package: letltxmacro 2010/09/02 v1.4 Let assignment for LaTeX macros (HO)
Package: hopatch 2012/05/28 v1.2 Wrapper for package hooks (HO)
Package: xcolor-patch 2011/01/30 xcolor patch
Package: atveryend 2011/06/30 v1.8 Hooks at the very end of document (HO)
Package atveryend Info: \enddocument detected (standard20110627).
Package: atbegshi 2011/10/05 v1.16 At begin shipout hook (HO)
Package: refcount 2011/10/16 v3.4 Data extraction from label references (HO)
Package: hycolor 2011/01/30 v1.7 Color options for hyperref/bookmark (HO)
)
(/usr/local/texlive/2012/texmf-dist/tex/generic/ifxetex/ifxetex.sty
Package: ifxetex 2010/09/12 v0.6 Provides ifxetex conditional
)
(/usr/local/texlive/2012/texmf-dist/tex/latex/oberdiek/kvoptions.sty
Package: kvoptions 2011/06/30 v3.11 Key value format for package options (HO)
)
\@linkdim=\dimen130
\Hy@linkcounter=\count116
\Hy@pagecounter=\count117

(/usr/local/texlive/2012/texmf-dist/tex/latex/hyperref/pd1enc.def
File: pd1enc.def 2012/05/13 v6.82q Hyperref: PDFDocEncoding definition (HO)
)
\Hy@SavedSpaceFactor=\count118

(/usr/local/texlive/2012/texmf-dist/tex/latex/latexconfig/hyperref.cfg
File: hyperref.cfg 2002/06/06 v1.2 hyperref configuration of TeXLive
)
Package hyperref Info: Hyper figures OFF on input line 4062.
Package hyperref Info: Link nesting OFF on input line 4067.
Package hyperref Info: Hyper index ON on input line 4070.
Package hyperref Info: Plain pages OFF on input line 4077.
Package hyperref Info: Backreferencing OFF on input line 4082.
Package hyperref Info: Implicit mode ON; LaTeX internals redefined.
Package hyperref Info: Bookmarks ON on input line 4300.
\c@Hy@tempcnt=\count119

(/usr/local/texlive/2012/texmf-dist/tex/latex/url/url.sty
\Urlmuskip=\muskip11
Package: url 2006/04/12  ver 3.3  Verb mode for urls, etc.
)
LaTeX Info: Redefining \url on input line 4653.
\Fld@menulength=\count120
\Field@Width=\dimen131
\Fld@charsize=\dimen132
Package hyperref Info: Hyper figures OFF on input line 5773.
Package hyperref Info: Link nesting OFF on input line 5778.
Package hyperref Info: Hyper index ON on input line 5781.
Package hyperref Info: backreferencing OFF on input line 5788.
Package hyperref Info: Link coloring OFF on input line 5793.
Package hyperref Info: Link coloring with OCG OFF on input line 5798.
Package hyperref Info: PDF/A mode OFF on input line 5803.
LaTeX Info: Redefining \ref on input line 5843.
LaTeX Info: Redefining \pageref on input line 5847.
\Hy@abspage=\count121
\c@Item=\count122
\c@Hfootnote=\count123
)

Package hyperref Message: Driver (autodetected): hpdftex.

(/usr/local/texlive/2012/texmf-dist/tex/latex/hyperref/hpdftex.def
File: hpdftex.def 2012/05/13 v6.82q Hyperref driver for pdfTeX
\Fld@listcount=\count124
\c@bookmark@seq@number=\count125

(/usr/local/texlive/2012/texmf-dist/tex/latex/oberdiek/rerunfilecheck.sty
Package: rerunfilecheck 2011/04/15 v1.7 Rerun checks for auxiliary files (HO)
Package uniquecounter Info: New unique counter `rerunfilecheck' on input line 2
82.
)
\Hy@SectionHShift=\skip58
)
(./icml2012.sty
Package: icml2012 2012/01/01 v2.0 ICML Conference Style File
 (./fancyhdr.sty
\fancy@headwidth=\skip59
\f@ncyO@elh=\skip60
\f@ncyO@erh=\skip61
\f@ncyO@olh=\skip62
\f@ncyO@orh=\skip63
\f@ncyO@elf=\skip64
\f@ncyO@erf=\skip65
\f@ncyO@olf=\skip66
\f@ncyO@orf=\skip67
)
(/usr/local/texlive/2012/texmf-dist/tex/latex/graphics/color.sty
Package: color 2005/11/14 v1.0j Standard LaTeX Color (DPC)

(/usr/local/texlive/2012/texmf-dist/tex/latex/latexconfig/color.cfg
File: color.cfg 2007/01/18 v1.5 color configuration of teTeX/TeXLive
)
Package color Info: Driver file: pdftex.def on input line 130.
)
(/usr/local/texlive/2012/texmf-dist/tex/latex/eso-pic/eso-pic.sty
Package: eso-pic 2010/10/06 v2.0c eso-pic (RN)
)
Package hyperref Info: Option `colorlinks' set `true' on input line 90.
\titrun=\box30
\captionbox=\box31
\captionboxwid=\dimen133
\icmlrulerbox=\box32
\icmlrulercount=\count126
\icmlruleroffset=\dimen134
\cv@lineheight=\dimen135
\cv@boxheight=\dimen136
\cv@tmpbox=\box33
\cv@refno=\count127
\cv@tot=\count128
\cv@tmpc@=\count129
\cv@tmpc=\count130
)
(./Final_Report.aux)
\openout1 = `Final_Report.aux'.

LaTeX Font Info:    Checking defaults for OML/cmm/m/it on input line 58.
LaTeX Font Info:    ... okay on input line 58.
LaTeX Font Info:    Checking defaults for T1/cmr/m/n on input line 58.
LaTeX Font Info:    ... okay on input line 58.
LaTeX Font Info:    Checking defaults for OT1/cmr/m/n on input line 58.
LaTeX Font Info:    ... okay on input line 58.
LaTeX Font Info:    Checking defaults for OMS/cmsy/m/n on input line 58.
LaTeX Font Info:    ... okay on input line 58.
LaTeX Font Info:    Checking defaults for OMX/cmex/m/n on input line 58.
LaTeX Font Info:    ... okay on input line 58.
LaTeX Font Info:    Checking defaults for U/cmr/m/n on input line 58.
LaTeX Font Info:    ... okay on input line 58.
LaTeX Font Info:    Checking defaults for PD1/pdf/m/n on input line 58.
LaTeX Font Info:    ... okay on input line 58.

(/usr/local/texlive/2012/texmf-dist/tex/context/base/supp-pdf.mkii
[Loading MPS to PDF converter (version 2006.09.02).]
\scratchcounter=\count131
\scratchdimen=\dimen137
\scratchbox=\box34
\nofMPsegments=\count132
\nofMParguments=\count133
\everyMPshowfont=\toks24
\MPscratchCnt=\count134
\MPscratchDim=\dimen138
\MPnumerator=\count135
\makeMPintoPDFobject=\count136
\everyMPtoPDFconversion=\toks25
) (/usr/local/texlive/2012/texmf-dist/tex/latex/oberdiek/epstopdf-base.sty
Package: epstopdf-base 2010/02/09 v2.5 Base part for package epstopdf

(/usr/local/texlive/2012/texmf-dist/tex/latex/oberdiek/grfext.sty
Package: grfext 2010/08/19 v1.1 Manage graphics extensions (HO)
)
Package grfext Info: Graphics extension search list:
(grfext)             [.png,.pdf,.jpg,.mps,.jpeg,.jbig2,.jb2,.PNG,.PDF,.JPG,.JPE
G,.JBIG2,.JB2,.eps]
(grfext)             \AppendGraphicsExtensions on input line 452.

(/usr/local/texlive/2012/texmf-dist/tex/latex/latexconfig/epstopdf-sys.cfg
File: epstopdf-sys.cfg 2010/07/13 v1.3 Configuration of (r)epstopdf for TeX Liv
e
))
Package caption Info: Begin \AtBeginDocument code.
Package caption Info: subfig package v1.3 is loaded.
Package caption Info: End \AtBeginDocument code.
\AtBeginShipoutBox=\box35
Package hyperref Info: Link coloring ON on input line 58.

(/usr/local/texlive/2012/texmf-dist/tex/latex/hyperref/nameref.sty
Package: nameref 2010/04/30 v2.40 Cross-referencing by name of section

(/usr/local/texlive/2012/texmf-dist/tex/generic/oberdiek/gettitlestring.sty
Package: gettitlestring 2010/12/03 v1.4 Cleanup title references (HO)
)
\c@section@level=\count137
)
LaTeX Info: Redefining \ref on input line 58.
LaTeX Info: Redefining \pageref on input line 58.
LaTeX Info: Redefining \nameref on input line 58.

(./Final_Report.out) (./Final_Report.out)
\@outlinefile=\write3
\openout3 = `Final_Report.out'.

LaTeX Font Info:    Try loading font information for U+msa on input line 82.

(/usr/local/texlive/2012/texmf-dist/tex/latex/amsfonts/umsa.fd
File: umsa.fd 2009/06/22 v3.00 AMS symbols A
)
LaTeX Font Info:    Try loading font information for U+msb on input line 82.

(/usr/local/texlive/2012/texmf-dist/tex/latex/amsfonts/umsb.fd
File: umsb.fd 2009/06/22 v3.00 AMS symbols B
)
Overfull \hbox (5.1225pt too wide) in paragraph at lines 82--82
 [] 
 []

<CellGating.png, id=7, 380.42125pt x 368.37625pt>
File: CellGating.png Graphic file (type png)
 <use CellGating.png>
Package pdftex.def Info: CellGating.png used on input line 99.
(pdftex.def)             Requested size: 234.8775pt x 227.44658pt.

Underfull \vbox (badness 3291) has occurred while \output is active []

 [1{/usr/local/texlive/2012/texmf-var/fonts/map/pdftex/updmap/pdftex.map}



 <./CellGating.png>]
LaTeX Font Info:    Try loading font information for OMS+cmr on input line 111.

 (/usr/local/texlive/2012/texmf-dist/tex/latex/base/omscmr.fd
File: omscmr.fd 1999/05/25 v2.5h Standard LaTeX font definitions
)
LaTeX Font Info:    Font shape `OMS/cmr/m/n' in size <10> not available
(Font)              Font shape `OMS/cmsy/m/n' tried instead on input line 111.

<DataAcquisition.png, id=29, 742.775pt x 318.18875pt>
File: DataAcquisition.png Graphic file (type png)

<use DataAcquisition.png>
Package pdftex.def Info: DataAcquisition.png used on input line 126.
(pdftex.def)             Requested size: 234.8775pt x 100.61354pt.

Overfull \hbox (12.38081pt too wide) in paragraph at lines 142--161
 [] 
 []


Underfull \vbox (badness 10000) has occurred while \output is active []

 [2 <./DataAcquisition.png>]
Underfull \hbox (badness 1603) in paragraph at lines 180--181
[]\OT1/cmr/m/n/10 Spectral meth-ods like Lo-cally Lin-ear Em-bed-ding
 []


Underfull \vbox (badness 5908) has occurred while \output is active []


Underfull \hbox (badness 2103) in paragraph at lines 196--197
[]\OT1/cmr/m/n/10 And con-di-tional prob-a-bil-ity ma-tri-ces $\OMS/cmsy/m/n/10
 f\OML/cmm/m/it/10 p[]\OMS/cmsy/m/n/10 g$ \OT1/cmr/m/n/10 and
 []


Overfull \hbox (74.41707pt too wide) in paragraph at lines 218--218
[] 
 []

[3]
Package epstopdf Info: Source file: <PCA_AllCells_N=400.eps>
(epstopdf)                    date: 2013-12-12 23:16:06
(epstopdf)                    size: 428415 bytes
(epstopdf)             Output file: <PCA_AllCells_N=400-eps-converted-to.pdf>
(epstopdf)                    date: 2013-12-12 23:16:06
(epstopdf)                    size: 512565 bytes
(epstopdf)             Command: <repstopdf --outfile=PCA_AllCells_N=400-eps-con
verted-to.pdf PCA_AllCells_N=400.eps>
(epstopdf)             \includegraphics on input line 237.
Package epstopdf Info: Output file is already uptodate.
 <PCA_AllCells_N=400-eps-converted-to.pdf, id=65, 1540.75626pt x 811.03pt>
File: PCA_AllCells_N=400-eps-converted-to.pdf Graphic file (type pdf)

<use PCA_AllCells_N=400-eps-converted-to.pdf>
Package pdftex.def Info: PCA_AllCells_N=400-eps-converted-to.pdf used on input 
line 237.
(pdftex.def)             Requested size: 110.3927pt x 54.02672pt.
Package epstopdf Info: Source file: <PCA_AllCells_N=400_relabel.eps>
(epstopdf)                    date: 2013-12-12 23:16:06
(epstopdf)                    size: 480104 bytes
(epstopdf)             Output file: <PCA_AllCells_N=400_relabel-eps-converted-t
o.pdf>
(epstopdf)                    date: 2013-12-12 23:16:06
(epstopdf)                    size: 523076 bytes
(epstopdf)             Command: <repstopdf --outfile=PCA_AllCells_N=400_relabel
-eps-converted-to.pdf PCA_AllCells_N=400_relabel.eps>
(epstopdf)             \includegraphics on input line 238.
Package epstopdf Info: Output file is already uptodate.

<PCA_AllCells_N=400_relabel-eps-converted-to.pdf, id=66, 1540.75626pt x 811.03p
t>
File: PCA_AllCells_N=400_relabel-eps-converted-to.pdf Graphic file (type pdf)
 <use PCA_AllCells_N=400_relabel-eps-converted-to.pdf>
Package pdftex.def Info: PCA_AllCells_N=400_relabel-eps-converted-to.pdf used o
n input line 238.
(pdftex.def)             Requested size: 110.3927pt x 54.02672pt.
Package epstopdf Info: Source file: <PCA_T&Moncytes_N=400.eps>
(epstopdf)                    date: 2013-12-12 23:16:06
(epstopdf)                    size: 163476 bytes
(epstopdf)             Output file: <PCA_T&Moncytes_N=400-eps-converted-to.pdf>

(epstopdf)                    date: 2013-12-12 23:16:06
(epstopdf)                    size: 191926 bytes
(epstopdf)             Command: <repstopdf --outfile=PCA_T&Moncytes_N=400-eps-c
onverted-to.pdf PCA_T&Moncytes_N=400.eps>
(epstopdf)             \includegraphics on input line 251.
Package epstopdf Info: Output file is already uptodate.

<PCA_T&Moncytes_N=400-eps-converted-to.pdf, id=68, 1540.75626pt x 811.03pt>
File: PCA_T&Moncytes_N=400-eps-converted-to.pdf Graphic file (type pdf)

<use PCA_T&Moncytes_N=400-eps-converted-to.pdf>
Package pdftex.def Info: PCA_T&Moncytes_N=400-eps-converted-to.pdf used on inpu
t line 251.
(pdftex.def)             Requested size: 110.3927pt x 54.02672pt.
Package epstopdf Info: Source file: <PCA_T&Moncytes_N=400_relabel.eps>
(epstopdf)                    date: 2013-12-12 23:16:06
(epstopdf)                    size: 180390 bytes
(epstopdf)             Output file: <PCA_T&Moncytes_N=400_relabel-eps-converted
-to.pdf>
(epstopdf)                    date: 2013-12-12 23:16:06
(epstopdf)                    size: 194465 bytes
(epstopdf)             Command: <repstopdf --outfile=PCA_T&Moncytes_N=400_relab
el-eps-converted-to.pdf PCA_T&Moncytes_N=400_relabel.eps>
(epstopdf)             \includegraphics on input line 252.
Package epstopdf Info: Output file is already uptodate.

<PCA_T&Moncytes_N=400_relabel-eps-converted-to.pdf, id=69, 1540.75626pt x 810.0
2625pt>
File: PCA_T&Moncytes_N=400_relabel-eps-converted-to.pdf Graphic file (type pdf)

 <use PCA_T&Moncytes_N=400_relabel-eps-converted-to.pdf>
Package pdftex.def Info: PCA_T&Moncytes_N=400_relabel-eps-converted-to.pdf used
 on input line 252.
(pdftex.def)             Requested size: 110.3927pt x 53.94069pt.

Underfull \vbox (badness 2644) has occurred while \output is active []

Package epstopdf Info: Source file: <ISOMAP_AllCells_N=100.eps>
(epstopdf)                    date: 2013-12-12 23:16:06
(epstopdf)                    size: 102868 bytes
(epstopdf)             Output file: <ISOMAP_AllCells_N=100-eps-converted-to.pdf
>
(epstopdf)                    date: 2013-12-12 23:16:06
(epstopdf)                    size: 120654 bytes
(epstopdf)             Command: <repstopdf --outfile=ISOMAP_AllCells_N=100-eps-
converted-to.pdf ISOMAP_AllCells_N=100.eps>
(epstopdf)             \includegraphics on input line 266.
Package epstopdf Info: Output file is already uptodate.

<ISOMAP_AllCells_N=100-eps-converted-to.pdf, id=71, 1540.75626pt x 810.02625pt>
File: ISOMAP_AllCells_N=100-eps-converted-to.pdf Graphic file (type pdf)
<use ISOMAP_AllCells_N=100-eps-converted-to.pdf>
Package pdftex.def Info: ISOMAP_AllCells_N=100-eps-converted-to.pdf used on inp
ut line 266.
(pdftex.def)             Requested size: 110.3927pt x 53.94069pt.
Package epstopdf Info: Source file: <ISOMAP_Monoctypes&TCells_N=400.eps>
(epstopdf)                    date: 2013-12-12 23:16:06
(epstopdf)                    size: 70340 bytes
(epstopdf)             Output file: <ISOMAP_Monoctypes&TCells_N=400-eps-convert
ed-to.pdf>
(epstopdf)                    date: 2013-12-12 23:16:06
(epstopdf)                    size: 84215 bytes
(epstopdf)             Command: <repstopdf --outfile=ISOMAP_Monoctypes&TCells_N
=400-eps-converted-to.pdf ISOMAP_Monoctypes&TCells_N=400.eps>
(epstopdf)             \includegraphics on input line 267.
Package epstopdf Info: Output file is already uptodate.

<ISOMAP_Monoctypes&TCells_N=400-eps-converted-to.pdf, id=72, 1540.75626pt x 810
.02625pt>
File: ISOMAP_Monoctypes&TCells_N=400-eps-converted-to.pdf Graphic file (type pd
f)
 <use ISOMAP_Monoctypes&TCells_N=400-eps-converted-to.pdf>
Package pdftex.def Info: ISOMAP_Monoctypes&TCells_N=400-eps-converted-to.pdf us
ed on input line 267.
(pdftex.def)             Requested size: 110.3927pt x 53.94069pt.
Package epstopdf Info: Source file: <tSNE_AllCells_N=400.eps>
(epstopdf)                    date: 2013-12-12 23:16:06
(epstopdf)                    size: 430174 bytes
(epstopdf)             Output file: <tSNE_AllCells_N=400-eps-converted-to.pdf>
(epstopdf)                    date: 2013-12-12 23:16:06
(epstopdf)                    size: 501620 bytes
(epstopdf)             Command: <repstopdf --outfile=tSNE_AllCells_N=400-eps-co
nverted-to.pdf tSNE_AllCells_N=400.eps>
(epstopdf)             \includegraphics on input line 283.
Package epstopdf Info: Output file is already uptodate.

<tSNE_AllCells_N=400-eps-converted-to.pdf, id=77, 1540.75626pt x 810.02625pt>
File: tSNE_AllCells_N=400-eps-converted-to.pdf Graphic file (type pdf)

<use tSNE_AllCells_N=400-eps-converted-to.pdf>
Package pdftex.def Info: tSNE_AllCells_N=400-eps-converted-to.pdf used on input
 line 283.
(pdftex.def)             Requested size: 110.3927pt x 53.94069pt.
Package epstopdf Info: Source file: <tSNE_AllCells_N=400_relabel.eps>
(epstopdf)                    date: 2013-12-12 23:16:06
(epstopdf)                    size: 470265 bytes
(epstopdf)             Output file: <tSNE_AllCells_N=400_relabel-eps-converted-
to.pdf>
(epstopdf)                    date: 2013-12-12 23:16:06
(epstopdf)                    size: 506863 bytes
(epstopdf)             Command: <repstopdf --outfile=tSNE_AllCells_N=400_relabe
l-eps-converted-to.pdf tSNE_AllCells_N=400_relabel.eps>
(epstopdf)             \includegraphics on input line 284.
Package epstopdf Info: Output file is already uptodate.

<tSNE_AllCells_N=400_relabel-eps-converted-to.pdf, id=78, 1540.75626pt x 810.02
625pt>
File: tSNE_AllCells_N=400_relabel-eps-converted-to.pdf Graphic file (type pdf)
 <use tSNE_AllCells_N=400_relabel-eps-converted-to.pdf>
Package pdftex.def Info: tSNE_AllCells_N=400_relabel-eps-converted-to.pdf used 
on input line 284.
(pdftex.def)             Requested size: 110.3927pt x 53.94069pt.
Package epstopdf Info: Source file: <tSNE_Monocytes&TCells_N=400.eps>
(epstopdf)                    date: 2013-12-12 23:16:06
(epstopdf)                    size: 163680 bytes
(epstopdf)             Output file: <tSNE_Monocytes&TCells_N=400-eps-converted-
to.pdf>
(epstopdf)                    date: 2013-12-12 23:16:06
(epstopdf)                    size: 188092 bytes
(epstopdf)             Command: <repstopdf --outfile=tSNE_Monocytes&TCells_N=40
0-eps-converted-to.pdf tSNE_Monocytes&TCells_N=400.eps>
(epstopdf)             \includegraphics on input line 295.
Package epstopdf Info: Output file is already uptodate.

<tSNE_Monocytes&TCells_N=400-eps-converted-to.pdf, id=79, 1540.75626pt x 810.02
625pt>
File: tSNE_Monocytes&TCells_N=400-eps-converted-to.pdf Graphic file (type pdf)
 <use tSNE_Monocytes&TCells_N=400-eps-converted-to.pdf>
Package pdftex.def Info: tSNE_Monocytes&TCells_N=400-eps-converted-to.pdf used 
on input line 295.
(pdftex.def)             Requested size: 110.3927pt x 53.94069pt.
Package epstopdf Info: Source file: <tSNE_Monocytes&TCells_N=400_relabel.eps>
(epstopdf)                    date: 2013-12-12 23:16:06
(epstopdf)                    size: 176082 bytes
(epstopdf)             Output file: <tSNE_Monocytes&TCells_N=400_relabel-eps-co
nverted-to.pdf>
(epstopdf)                    date: 2013-12-12 23:16:06
(epstopdf)                    size: 188837 bytes
(epstopdf)             Command: <repstopdf --outfile=tSNE_Monocytes&TCells_N=40
0_relabel-eps-converted-to.pdf tSNE_Monocytes&TCells_N=400_relabel.eps>
(epstopdf)             \includegraphics on input line 296.
Package epstopdf Info: Output file is already uptodate.

<tSNE_Monocytes&TCells_N=400_relabel-eps-converted-to.pdf, id=80, 1540.75626pt 
x 810.02625pt>
File: tSNE_Monocytes&TCells_N=400_relabel-eps-converted-to.pdf Graphic file (ty
pe pdf)
 <use tSNE_Monocytes&TCells_N=400_relabel-eps-converted-to.pdf>
Package pdftex.def Info: tSNE_Monocytes&TCells_N=400_relabel-eps-converted-to.p
df used on input line 296.
(pdftex.def)             Requested size: 110.3927pt x 53.94069pt.


LaTeX Warning: `h' float specifier changed to `ht'.

Package epstopdf Info: Source file: <sSNE_AllCells_N=400.eps>
(epstopdf)                    date: 2013-12-12 23:16:06
(epstopdf)                    size: 419202 bytes
(epstopdf)             Output file: <sSNE_AllCells_N=400-eps-converted-to.pdf>
(epstopdf)                    date: 2013-12-12 23:16:06
(epstopdf)                    size: 436950 bytes
(epstopdf)             Command: <repstopdf --outfile=sSNE_AllCells_N=400-eps-co
nverted-to.pdf sSNE_AllCells_N=400.eps>
(epstopdf)             \includegraphics on input line 308.
Package epstopdf Info: Output file is already uptodate.
<sSNE_AllCells_N=400-eps-converted-to.pdf, id=81, 1155.31625pt x 643.40375pt>
File: sSNE_AllCells_N=400-eps-converted-to.pdf Graphic file (type pdf)

<use sSNE_AllCells_N=400-eps-converted-to.pdf>
Package pdftex.def Info: sSNE_AllCells_N=400-eps-converted-to.pdf used on input
 line 308.
(pdftex.def)             Requested size: 110.3927pt x 56.60533pt.
Package epstopdf Info: Source file: <sSNE_AllCells_N=400_relabel.eps>
(epstopdf)                    date: 2013-12-12 23:16:06
(epstopdf)                    size: 460846 bytes
(epstopdf)             Output file: <sSNE_AllCells_N=400_relabel-eps-converted-
to.pdf>
(epstopdf)                    date: 2013-12-12 23:16:06
(epstopdf)                    size: 443061 bytes
(epstopdf)             Command: <repstopdf --outfile=sSNE_AllCells_N=400_relabe
l-eps-converted-to.pdf sSNE_AllCells_N=400_relabel.eps>
(epstopdf)             \includegraphics on input line 309.
Package epstopdf Info: Output file is already uptodate.

<sSNE_AllCells_N=400_relabel-eps-converted-to.pdf, id=82, 1155.31625pt x 644.40
75pt>
File: sSNE_AllCells_N=400_relabel-eps-converted-to.pdf Graphic file (type pdf)
 <use sSNE_AllCells_N=400_relabel-eps-converted-to.pdf>
Package pdftex.def Info: sSNE_AllCells_N=400_relabel-eps-converted-to.pdf used 
on input line 309.
(pdftex.def)             Requested size: 110.3927pt x 56.72812pt.


LaTeX Warning: `h' float specifier changed to `ht'.

Package epstopdf Info: Source file: <sSNE_Monocytes&TCells_N=400.eps>
(epstopdf)                    date: 2013-12-12 23:16:06
(epstopdf)                    size: 160098 bytes
(epstopdf)             Output file: <sSNE_Monocytes&TCells_N=400-eps-converted-
to.pdf>
(epstopdf)                    date: 2013-12-12 23:16:06
(epstopdf)                    size: 167061 bytes
(epstopdf)             Command: <repstopdf --outfile=sSNE_Monocytes&TCells_N=40
0-eps-converted-to.pdf sSNE_Monocytes&TCells_N=400.eps>
(epstopdf)             \includegraphics on input line 320.
Package epstopdf Info: Output file is already uptodate.

<sSNE_Monocytes&TCells_N=400-eps-converted-to.pdf, id=83, 1155.31625pt x 644.40
75pt>
File: sSNE_Monocytes&TCells_N=400-eps-converted-to.pdf Graphic file (type pdf)
 <use sSNE_Monocytes&TCells_N=400-eps-converted-to.pdf>
Package pdftex.def Info: sSNE_Monocytes&TCells_N=400-eps-converted-to.pdf used 
on input line 320.
(pdftex.def)             Requested size: 110.3927pt x 56.72812pt.
Package epstopdf Info: Source file: <sSNE_Monocytes&TCells_N=400_relabel.eps>
(epstopdf)                    date: 2013-12-12 23:16:06
(epstopdf)                    size: 172671 bytes
(epstopdf)             Output file: <sSNE_Monocytes&TCells_N=400_relabel-eps-co
nverted-to.pdf>
(epstopdf)                    date: 2013-12-12 23:16:06
(epstopdf)                    size: 167954 bytes
(epstopdf)             Command: <repstopdf --outfile=sSNE_Monocytes&TCells_N=40
0_relabel-eps-converted-to.pdf sSNE_Monocytes&TCells_N=400_relabel.eps>
(epstopdf)             \includegraphics on input line 321.
Package epstopdf Info: Output file is already uptodate.

<sSNE_Monocytes&TCells_N=400_relabel-eps-converted-to.pdf, id=84, 1155.31625pt 
x 644.4075pt>
File: sSNE_Monocytes&TCells_N=400_relabel-eps-converted-to.pdf Graphic file (ty
pe pdf)
 <use sSNE_Monocytes&TCells_N=400_relabel-eps-converted-to.pdf>
Package pdftex.def Info: sSNE_Monocytes&TCells_N=400_relabel-eps-converted-to.p
df used on input line 321.
(pdftex.def)             Requested size: 110.3927pt x 56.72812pt.


LaTeX Warning: `h' float specifier changed to `ht'.

Package epstopdf Info: Source file: <EE_AllCells_N=400.eps>
(epstopdf)                    date: 2013-12-12 23:16:06
(epstopdf)                    size: 422476 bytes
(epstopdf)             Output file: <EE_AllCells_N=400-eps-converted-to.pdf>
(epstopdf)                    date: 2013-12-12 23:16:06
(epstopdf)                    size: 425076 bytes
(epstopdf)             Command: <repstopdf --outfile=EE_AllCells_N=400-eps-conv
erted-to.pdf EE_AllCells_N=400.eps>
(epstopdf)             \includegraphics on input line 334.
Package epstopdf Info: Output file is already uptodate.
<EE_AllCells_N=400-eps-converted-to.pdf, id=85, 1155.31625pt x 644.4075pt>
File: EE_AllCells_N=400-eps-converted-to.pdf Graphic file (type pdf)

<use EE_AllCells_N=400-eps-converted-to.pdf>
Package pdftex.def Info: EE_AllCells_N=400-eps-converted-to.pdf used on input l
ine 334.
(pdftex.def)             Requested size: 110.3927pt x 56.72812pt.
Package epstopdf Info: Source file: <EE_AllCells_N=400_relabel.eps>
(epstopdf)                    date: 2013-12-12 23:16:06
(epstopdf)                    size: 467440 bytes
(epstopdf)             Output file: <EE_AllCells_N=400_relabel-eps-converted-to
.pdf>
(epstopdf)                    date: 2013-12-12 23:16:06
(epstopdf)                    size: 432271 bytes
(epstopdf)             Command: <repstopdf --outfile=EE_AllCells_N=400_relabel-
eps-converted-to.pdf EE_AllCells_N=400_relabel.eps>
(epstopdf)             \includegraphics on input line 335.
Package epstopdf Info: Output file is already uptodate.

<EE_AllCells_N=400_relabel-eps-converted-to.pdf, id=86, 1151.30125pt x 641.3962
6pt>
File: EE_AllCells_N=400_relabel-eps-converted-to.pdf Graphic file (type pdf)
 <use EE_AllCells_N=400_relabel-eps-converted-to.pdf>
Package pdftex.def Info: EE_AllCells_N=400_relabel-eps-converted-to.pdf used on
 input line 335.
(pdftex.def)             Requested size: 110.3927pt x 56.61284pt.


LaTeX Warning: `h' float specifier changed to `ht'.

Package epstopdf Info: Source file: <EE_Monocytes&TCells_N=400.eps>
(epstopdf)                    date: 2013-12-12 23:16:06
(epstopdf)                    size: 160034 bytes
(epstopdf)             Output file: <EE_Monocytes&TCells_N=400-eps-converted-to
.pdf>
(epstopdf)                    date: 2013-12-12 23:16:06
(epstopdf)                    size: 165252 bytes
(epstopdf)             Command: <repstopdf --outfile=EE_Monocytes&TCells_N=400-
eps-converted-to.pdf EE_Monocytes&TCells_N=400.eps>
(epstopdf)             \includegraphics on input line 347.
Package epstopdf Info: Output file is already uptodate.

<EE_Monocytes&TCells_N=400-eps-converted-to.pdf, id=87, 1155.31625pt x 644.4075
pt>
File: EE_Monocytes&TCells_N=400-eps-converted-to.pdf Graphic file (type pdf)
 <use EE_Monocytes&TCells_N=400-eps-converted-to.pdf>
Package pdftex.def Info: EE_Monocytes&TCells_N=400-eps-converted-to.pdf used on
 input line 347.
(pdftex.def)             Requested size: 110.3927pt x 56.72812pt.
Package epstopdf Info: Source file: <EE_Monocytes&TCells_N=400_relabel.eps>
(epstopdf)                    date: 2013-12-12 23:16:06
(epstopdf)                    size: 173376 bytes
(epstopdf)             Output file: <EE_Monocytes&TCells_N=400_relabel-eps-conv
erted-to.pdf>
(epstopdf)                    date: 2013-12-12 23:16:06
(epstopdf)                    size: 166600 bytes
(epstopdf)             Command: <repstopdf --outfile=EE_Monocytes&TCells_N=400_
relabel-eps-converted-to.pdf EE_Monocytes&TCells_N=400_relabel.eps>
(epstopdf)             \includegraphics on input line 348.
Package epstopdf Info: Output file is already uptodate.

<EE_Monocytes&TCells_N=400_relabel-eps-converted-to.pdf, id=88, 1155.31625pt x 
644.4075pt>
File: EE_Monocytes&TCells_N=400_relabel-eps-converted-to.pdf Graphic file (type
 pdf)
 <use EE_Monocytes&TCells_N=400_relabel-eps-converted-to.pdf>
Package pdftex.def Info: EE_Monocytes&TCells_N=400_relabel-eps-converted-to.pdf
 used on input line 348.
(pdftex.def)             Requested size: 110.3927pt x 56.72812pt.


LaTeX Warning: `h' float specifier changed to `ht'.


Underfull \vbox (badness 1776) has occurred while \output is active []

 [4 <./PCA_AllCells_N=400-eps-converted-to.pdf> <./PCA_AllCells_N=400_relabel-e
ps-converted-to.pdf> <./PCA_T&Moncytes_N=400-eps-converted-to.pdf> <./PCA_T&Mon
cytes_N=400_relabel-eps-converted-to.pdf> <./ISOMAP_AllCells_N=100-eps-converte
d-to.pdf> <./ISOMAP_Monoctypes&TCells_N=400-eps-converted-to.pdf> <./tSNE_AllCe
lls_N=400-eps-converted-to.pdf> <./tSNE_AllCells_N=400_relabel-eps-converted-to
.pdf>]

LaTeX Warning: Reference `author info' on page 5 undefined on input line 403.

(./Final_Report.bbl
Underfull \hbox (badness 5388) in paragraph at lines 10--17
[]\OT1/cmr/m/n/10 Amir, El-ad David, Davis, Kara L, Tad-mor,
 []

[5 <./tSNE_Monocytes&TCells_N=400-eps-converted-to.pdf> <./tSNE_Monocytes&TCell
s_N=400_relabel-eps-converted-to.pdf> <./sSNE_AllCells_N=400-eps-converted-to.p
df> <./sSNE_AllCells_N=400_relabel-eps-converted-to.pdf> <./sSNE_Monocytes&TCel
ls_N=400-eps-converted-to.pdf> <./sSNE_Monocytes&TCells_N=400_relabel-eps-conve
rted-to.pdf> <./EE_AllCells_N=400-eps-converted-to.pdf> <./EE_AllCells_N=400_re
label-eps-converted-to.pdf>])
Package atveryend Info: Empty hook `BeforeClearDocument' on input line 441.
 [6

 <./EE_Monocytes&TCells_N=400-eps-converted-to.pdf> <./EE_Monocytes&TCells_N=40
0_relabel-eps-converted-to.pdf>]
Package atveryend Info: Empty hook `AfterLastShipout' on input line 441.

(./Final_Report.aux)
Package atveryend Info: Executing hook `AtVeryEndDocument' on input line 441.
Package atveryend Info: Executing hook `AtEndAfterFileList' on input line 441.
Package rerunfilecheck Info: File `Final_Report.out' has not changed.
(rerunfilecheck)             Checksum: D41D8CD98F00B204E9800998ECF8427E;0.


LaTeX Warning: There were undefined references.

Package atveryend Info: Empty hook `AtVeryVeryEnd' on input line 441.
 ) 
Here is how much of TeX's memory you used:
 8122 strings out of 493488
 121467 string characters out of 3141326
 226883 words of memory out of 3000000
 11224 multiletter control sequences out of 15000+200000
 13127 words of font info for 49 fonts, out of 3000000 for 9000
 957 hyphenation exceptions out of 8191
 36i,11n,46p,1136b,424s stack positions out of 5000i,500n,10000p,200000b,50000s
</usr/local/texlive/2012/texmf-dist/fonts/type1/public/amsfonts/cm/cmbx10.pfb
></usr/local/texlive/2012/texmf-dist/fonts/type1/public/amsfonts/cm/cmbx12.pfb>
</usr/local/texlive/2012/texmf-dist/fonts/type1/public/amsfonts/cm/cmbx9.pfb></
usr/local/texlive/2012/texmf-dist/fonts/type1/public/amsfonts/cm/cmcsc10.pfb></
usr/local/texlive/2012/texmf-dist/fonts/type1/public/amsfonts/cm/cmex10.pfb></u
sr/local/texlive/2012/texmf-dist/fonts/type1/public/amsfonts/cm/cmmi10.pfb></us
r/local/texlive/2012/texmf-dist/fonts/type1/public/amsfonts/cm/cmmi5.pfb></usr/
local/texlive/2012/texmf-dist/fonts/type1/public/amsfonts/cm/cmmi6.pfb></usr/lo
cal/texlive/2012/texmf-dist/fonts/type1/public/amsfonts/cm/cmmi7.pfb></usr/loca
l/texlive/2012/texmf-dist/fonts/type1/public/amsfonts/cm/cmr10.pfb></usr/local/
texlive/2012/texmf-dist/fonts/type1/public/amsfonts/cm/cmr5.pfb></usr/local/tex
live/2012/texmf-dist/fonts/type1/public/amsfonts/cm/cmr7.pfb></usr/local/texliv
e/2012/texmf-dist/fonts/type1/public/amsfonts/cm/cmr9.pfb></usr/local/texlive/2
012/texmf-dist/fonts/type1/public/amsfonts/cm/cmsl9.pfb></usr/local/texlive/201
2/texmf-dist/fonts/type1/public/amsfonts/cm/cmsy10.pfb></usr/local/texlive/2012
/texmf-dist/fonts/type1/public/amsfonts/cm/cmsy7.pfb></usr/local/texlive/2012/t
exmf-dist/fonts/type1/public/amsfonts/cm/cmti10.pfb></usr/local/texlive/2012/te
xmf-dist/fonts/type1/public/amsfonts/cm/cmti9.pfb></usr/local/texlive/2012/texm
f-dist/fonts/type1/public/amsfonts/cm/cmtt10.pfb></usr/local/texlive/2012/texmf
-dist/fonts/type1/public/amsfonts/symbols/msbm10.pfb>
Output written on Final_Report.pdf (6 pages, 5809548 bytes).
PDF statistics:
 429 PDF objects out of 1000 (max. 8388607)
 341 compressed objects within 4 object streams
 65 named destinations out of 1000 (max. 500000)
 101 words of extra memory for PDF output out of 10000 (max. 10000000)

